<?xml version="1.0" encoding="UTF-8"?>
<!-- Generated by org.testng.reporters.JUnitReportReporter -->
<testsuite skipped="0" hostname="CABOTIA002" name="SeleniumSession1.SampleExcel_DP" tests="5" failures="0" timestamp="09 Feb 2018 11:32:54 GMT" time="0.016" errors="0">
  <testcase name="testExcelDp" time="0.001" classname="SeleniumSession1.SampleExcel_DP"/>
  <testcase name="testExcelDp" time="0.002" classname="SeleniumSession1.SampleExcel_DP"/>
  <testcase name="testExcelDp" time="0.009" classname="SeleniumSession1.SampleExcel_DP"/>
  <testcase name="testExcelDp" time="0.002" classname="SeleniumSession1.SampleExcel_DP"/>
  <testcase name="testExcelDp" time="0.002" classname="SeleniumSession1.SampleExcel_DP"/>
</testsuite> <!-- SeleniumSession1.SampleExcel_DP -->
