<?xml version="1.0" encoding="UTF-8"?>
<!-- Generated by org.testng.reporters.JUnitReportReporter -->
<testsuite skipped="0" hostname="CABOTIA002" name="SeleniumSession1.Test1" tests="2" failures="0" timestamp="01 Feb 2018 06:09:10 GMT" time="26.399" errors="0">
  <testcase name="dataprovidertest" time="24.262" classname="SeleniumSession1.Test1"/>
  <testcase name="dataprovidertest" time="2.137" classname="SeleniumSession1.Test1"/>
</testsuite> <!-- SeleniumSession1.Test1 -->
