<?xml version="1.0" encoding="UTF-8"?>
<!-- Generated by org.testng.reporters.JUnitReportReporter -->
<testsuite skipped="0" hostname="CABOTIA002" name="SeleniumSession1.TestListener" tests="1" failures="0" timestamp="02 Mar 2018 10:30:12 GMT" time="0.012" errors="0">
  <testcase name="main" time="0.012" classname="SeleniumSession1.TestListener"/>
</testsuite> <!-- SeleniumSession1.TestListener -->
