<?xml version="1.0" encoding="UTF-8"?>
<!-- Generated by org.testng.reporters.JUnitReportReporter -->
<testsuite skipped="0" hostname="CABOTIA002" name="SeleniumSession1.SimpleExcelRead" tests="1" failures="0" timestamp="09 Feb 2018 07:54:23 GMT" time="0.548" errors="0">
  <testcase name="test" time="0.548" classname="SeleniumSession1.SimpleExcelRead"/>
</testsuite> <!-- SeleniumSession1.SimpleExcelRead -->
